# JRE version: Java(TM) SE Runtime Environment (8.0_25-b17) (build 1.8.0_25-b17)
# Java VM: Java HotSpot(TM) 64-Bit Server VM (25.25-b02 mixed mode bsd-amd64 compressed oops)
Heap:
 PSYoungGen      total 70144K, used 54926K [0x0000000795580000, 0x000000079a600000, 0x00000007c0000000)
  eden space 62976K, 75% used [0x0000000795580000,0x000000079843ba70,0x0000000799300000)
  from space 7168K, 98% used [0x0000000799480000,0x0000000799b68000,0x0000000799b80000)
  to   space 9728K, 0% used [0x0000000799c80000,0x0000000799c80000,0x000000079a600000)
 ParOldGen       total 69120K, used 17172K [0x0000000740000000, 0x0000000744380000, 0x0000000795580000)
  object space 69120K, 24% used [0x0000000740000000,0x00000007410c53a0,0x0000000744380000)
 Metaspace       used 22311K, capacity 23184K, committed 23296K, reserved 1069056K
  class space    used 3089K, capacity 3274K, committed 3328K, reserved 1048576K
GC Heap History (10 events):
Event: 28.893 GC heap before
{Heap before GC invocations=28 (full 1):
 PSYoungGen      total 78336K, used 78176K [0x0000000795580000, 0x000000079ae80000, 0x00000007c0000000)
  eden space 71168K, 100% used [0x0000000795580000,0x0000000799b00000,0x0000000799b00000)
  from space 7168K, 97% used [0x000000079a780000,0x000000079ae58000,0x000000079ae80000)
  to   space 9728K, 0% used [0x0000000799b80000,0x0000000799b80000,0x000000079a500000)
 ParOldGen       total 69120K, used 15879K [0x0000000740000000, 0x0000000744380000, 0x0000000795580000)
  object space 69120K, 22% used [0x0000000740000000,0x0000000740f81d90,0x0000000744380000)
 Metaspace       used 22215K, capacity 23086K, committed 23296K, reserved 1069056K
  class space    used 3085K, capacity 3267K, committed 3328K, reserved 1048576K
Event: 28.896 GC heap after
Heap after GC invocations=28 (full 1):
 PSYoungGen      total 76800K, used 7232K [0x0000000795580000, 0x000000079ac00000, 0x00000007c0000000)
  eden space 69120K, 0% used [0x0000000795580000,0x0000000795580000,0x0000000799900000)
  from space 7680K, 94% used [0x0000000799b80000,0x000000079a290000,0x000000079a300000)
  to   space 9216K, 0% used [0x000000079a300000,0x000000079a300000,0x000000079ac00000)
 ParOldGen       total 69120K, used 16027K [0x0000000740000000, 0x0000000744380000, 0x0000000795580000)
  object space 69120K, 23% used [0x0000000740000000,0x0000000740fa6e40,0x0000000744380000)
 Metaspace       used 22215K, capacity 23086K, committed 23296K, reserved 1069056K
  class space    used 3085K, capacity 3267K, committed 3328K, reserved 1048576K
}
Event: 29.750 GC heap before
{Heap before GC invocations=29 (full 1):
 PSYoungGen      total 76800K, used 76352K [0x0000000795580000, 0x000000079ac00000, 0x00000007c0000000)
  eden space 69120K, 100% used [0x0000000795580000,0x0000000799900000,0x0000000799900000)
  from space 7680K, 94% used [0x0000000799b80000,0x000000079a290000,0x000000079a300000)
  to   space 9216K, 0% used [0x000000079a300000,0x000000079a300000,0x000000079ac00000)
 ParOldGen       total 69120K, used 16027K [0x0000000740000000, 0x0000000744380000, 0x0000000795580000)
  object space 69120K, 23% used [0x0000000740000000,0x0000000740fa6e40,0x0000000744380000)
 Metaspace       used 22226K, capacity 23086K, committed 23296K, reserved 1069056K
  class space    used 3085K, capacity 3267K, committed 3328K, reserved 1048576K
Event: 29.754 GC heap after
Heap after GC invocations=29 (full 1):
 PSYoungGen      total 75264K, used 6688K [0x0000000795580000, 0x000000079aa80000, 0x00000007c0000000)
  eden space 67584K, 0% used [0x0000000795580000,0x0000000795580000,0x0000000799780000)
  from space 7680K, 87% used [0x000000079a300000,0x000000079a988000,0x000000079aa80000)
  to   space 9728K, 0% used [0x0000000799780000,0x0000000799780000,0x000000079a100000)
 ParOldGen       total 69120K, used 16267K [0x0000000740000000, 0x0000000744380000, 0x0000000795580000)
  object space 69120K, 23% used [0x0000000740000000,0x0000000740fe2f60,0x0000000744380000)
 Metaspace       used 22226K, capacity 23086K, committed 23296K, reserved 1069056K
  class space    used 3085K, capacity 3267K, committed 3328K, reserved 1048576K
}
Event: 30.876 GC heap before
{Heap before GC invocations=30 (full 1):
 PSYoungGen      total 75264K, used 74272K [0x0000000795580000, 0x000000079aa80000, 0x00000007c0000000)
  eden space 67584K, 100% used [0x0000000795580000,0x0000000799780000,0x0000000799780000)
  from space 7680K, 87% used [0x000000079a300000,0x000000079a988000,0x000000079aa80000)
  to   space 9728K, 0% used [0x0000000799780000,0x0000000799780000,0x000000079a100000)
 ParOldGen       total 69120K, used 16267K [0x0000000740000000, 0x0000000744380000, 0x0000000795580000)
  object space 69120K, 23% used [0x0000000740000000,0x0000000740fe2f60,0x0000000744380000)
 Metaspace       used 22234K, capacity 23086K, committed 23296K, reserved 1069056K
  class space    used 3085K, capacity 3267K, committed 3328K, reserved 1048576K
Event: 30.879 GC heap after
Heap after GC invocations=30 (full 1):
 PSYoungGen      total 73728K, used 7328K [0x0000000795580000, 0x000000079a900000, 0x00000007c0000000)
  eden space 66048K, 0% used [0x0000000795580000,0x0000000795580000,0x0000000799600000)
  from space 7680K, 95% used [0x0000000799780000,0x0000000799ea8000,0x0000000799f00000)
  to   space 9728K, 0% used [0x0000000799f80000,0x0000000799f80000,0x000000079a900000)
 ParOldGen       total 69120K, used 16560K [0x0000000740000000, 0x0000000744380000, 0x0000000795580000)
  object space 69120K, 23% used [0x0000000740000000,0x000000074102c0d0,0x0000000744380000)
 Metaspace       used 22234K, capacity 23086K, committed 23296K, reserved 1069056K
  class space    used 3085K, capacity 3267K, committed 3328K, reserved 1048576K
}
Event: 31.639 GC heap before
{Heap before GC invocations=31 (full 1):
 PSYoungGen      total 73728K, used 73376K [0x0000000795580000, 0x000000079a900000, 0x00000007c0000000)
  eden space 66048K, 100% used [0x0000000795580000,0x0000000799600000,0x0000000799600000)
  from space 7680K, 95% used [0x0000000799780000,0x0000000799ea8000,0x0000000799f00000)
  to   space 9728K, 0% used [0x0000000799f80000,0x0000000799f80000,0x000000079a900000)
 ParOldGen       total 69120K, used 16560K [0x0000000740000000, 0x0000000744380000, 0x0000000795580000)
  object space 69120K, 23% used [0x0000000740000000,0x000000074102c0d0,0x0000000744380000)
 Metaspace       used 22257K, capacity 23086K, committed 23296K, reserved 1069056K
  class space    used 3085K, capacity 3267K, committed 3328K, reserved 1048576K
Event: 31.643 GC heap after
Heap after GC invocations=31 (full 1):
 PSYoungGen      total 72704K, used 6400K [0x0000000795580000, 0x000000079a780000, 0x00000007c0000000)
  eden space 64512K, 0% used [0x0000000795580000,0x0000000795580000,0x0000000799480000)
  from space 8192K, 78% used [0x0000000799f80000,0x000000079a5c0000,0x000000079a780000)
  to   space 9728K, 0% used [0x0000000799480000,0x0000000799480000,0x0000000799e00000)
 ParOldGen       total 69120K, used 16860K [0x0000000740000000, 0x0000000744380000, 0x0000000795580000)
  object space 69120K, 24% used [0x0000000740000000,0x0000000741077240,0x0000000744380000)
 Metaspace       used 22257K, capacity 23086K, committed 23296K, reserved 1069056K
  class space    used 3085K, capacity 3267K, committed 3328K, reserved 1048576K
}
Event: 32.471 GC heap before
{Heap before GC invocations=32 (full 1):
 PSYoungGen      total 72704K, used 70912K [0x0000000795580000, 0x000000079a780000, 0x00000007c0000000)
  eden space 64512K, 100% used [0x0000000795580000,0x0000000799480000,0x0000000799480000)
  from space 8192K, 78% used [0x0000000799f80000,0x000000079a5c0000,0x000000079a780000)
  to   space 9728K, 0% used [0x0000000799480000,0x0000000799480000,0x0000000799e00000)
 ParOldGen       total 69120K, used 16860K [0x0000000740000000, 0x0000000744380000, 0x0000000795580000)
  object space 69120K, 24% used [0x0000000740000000,0x0000000741077240,0x0000000744380000)
 Metaspace       used 22269K, capacity 23150K, committed 23296K, reserved 1069056K
  class space    used 3085K, capacity 3267K, committed 3328K, reserved 1048576K
Event: 32.474 GC heap after
Heap after GC invocations=32 (full 1):
 PSYoungGen      total 70144K, used 7072K [0x0000000795580000, 0x000000079a600000, 0x00000007c0000000)
  eden space 62976K, 0% used [0x0000000795580000,0x0000000795580000,0x0000000799300000)
  from space 7168K, 98% used [0x0000000799480000,0x0000000799b68000,0x0000000799b80000)
  to   space 9728K, 0% used [0x0000000799c80000,0x0000000799c80000,0x000000079a600000)
 ParOldGen       total 69120K, used 17172K [0x0000000740000000, 0x0000000744380000, 0x0000000795580000)
  object space 69120K, 24% used [0x0000000740000000,0x00000007410c53a0,0x0000000744380000)
 Metaspace       used 22269K, capacity 23150K, committed 23296K, reserved 1069056K
  class space    used 3085K, capacity 3267K, committed 3328K, reserved 1048576K
}

